2017/03/23 11:21:38	0	0	  	開始		
2017/03/23 11:21:39	0	0	ERR			xLocalIni--setLocalIni(アプリケーション定義またはオブジェクト定義のエラーです。)<reportname>
2017/03/23 11:21:40	0	0	  			TARGETGA--setyyyymm(ininameini not found)<,dateadd01_date,>
2017/03/23 11:21:40	0	0	  			TARGETGA--setyyyymm(ininameini not found)<,dateadd02_date,>
2017/03/23 11:21:40	0	0	  			TARGETGA--setyyyymm(ininameini not found)<,dateadd03_date,>
2017/03/23 11:26:48	0	0	  	開始		
2017/03/23 11:26:48	0	0	ERR			xLocalIni--setLocalIni(アプリケーション定義またはオブジェクト定義のエラーです。)<reportname>
2017/03/23 11:26:48	0	0	  			TARGETGA--setyyyymm(ininameini not found)<,dateadd01_date,>
2017/03/23 11:26:48	0	0	  			TARGETGA--setyyyymm(ininameini not found)<,dateadd02_date,>
2017/03/23 11:26:48	0	0	  			TARGETGA--setyyyymm(ininameini not found)<,dateadd03_date,>
2017/03/23 11:27:15	0	0	  	開始		
2017/03/23 11:27:16	0	0	ERR			xLocalIni--setLocalIni(アプリケーション定義またはオブジェクト定義のエラーです。)<reportname>
2017/03/23 11:29:29	0	0	  	開始		
2017/03/23 11:30:32	0	0	  	開始		
2017/03/23 11:32:56	0	0	  	開始		
2017/03/23 11:33:00	0	0	ERR			xLocalIni--setLocalIni(Localini not found)<reportname>
2017/03/23 11:33:00	0	0	  			TARGETGA--setyyyymm(ininameini not found)<,dateadd01_date,>
2017/03/23 11:33:00	0	0	  			TARGETGA--setyyyymm(ininameini not found)<,dateadd02_date,>
2017/03/23 11:33:00	0	0	  			TARGETGA--setyyyymm(ininameini not found)<,dateadd03_date,>
2017/03/23 11:39:22	0	0	  	開始		
2017/03/23 11:39:22	0	0	ERR			xLocalIni--setLocalIni(Localini not found)<reportname>
2017/03/23 11:39:22	0	0	  			TARGETGA--setyyyymm(ininameini not found)<,dateadd01_date,>
2017/03/23 11:39:22	0	0	  			TARGETGA--setyyyymm(ininameini not found)<,dateadd02_date,>
2017/03/23 11:39:22	0	0	  			TARGETGA--setyyyymm(ininameini not found)<,dateadd03_date,>
2017/03/23 11:39:54	0	0	  	開始		
2017/03/23 11:39:54	0	0	ERR			xLocalIni--setLocalIni(Localini not found)<reportname>
2017/03/23 11:39:54	0	0	  			TARGETGA--setyyyymm(ininameini not found)<,dateadd01_date,>
2017/03/23 11:39:54	0	0	  			TARGETGA--setyyyymm(ininameini not found)<,dateadd02_date,>
2017/03/23 11:39:54	0	0	  			TARGETGA--setyyyymm(ininameini not found)<,dateadd03_date,>
2017/03/23 11:40:40	0	0	  	開始		
2017/03/23 11:40:40	0	0	ERR			xLocalIni--setLocalIni(Localini not found)<reportname>
2017/03/23 11:40:44	0	0	  			TARGETGA--setyyyymm(ininameini not found)<,dateadd01_date,>
2017/03/23 11:41:00	0	0	  			TARGETGA--setyyyymm(ininameini not found)<,dateadd02_date,>
2017/03/23 11:41:00	0	0	  			TARGETGA--setyyyymm(ininameini not found)<,dateadd03_date,>
2017/03/23 11:41:42	0	0	  	開始		
2017/03/23 11:41:42	0	0	ERR			xLocalIni--setLocalIni(Localini not found)<reportname>
2017/03/23 11:42:41	0	0	  	開始		
2017/03/23 11:43:30	0	0	ERR			xLocalIni--setLocalIni(Localini not found)<reportname>
2017/03/23 11:44:16	0	0	  	開始		
2017/03/23 11:45:26	0	0	  	開始		
2017/03/23 11:46:56	0	0	  	開始		
2017/03/23 11:50:26	0	0	  	開始		
2017/03/23 11:52:37	0	0	  	開始		
2017/03/23 11:57:15	0	0	  	開始		
2017/03/23 11:58:01	0	0	  	開始		
2017/03/23 17:20:21	0	0	  	開始		
2017/03/23 17:20:22	0	0	ERR			TARGETGA--setyyyymm(Localini not found)<>
2017/03/23 17:33:02	0	0	  	開始		
2017/03/23 17:35:36	0	0	  	開始		
2017/03/23 17:36:15	0	0	ERR			TARGETGA--setyyyymm(Localini not found)<>
2017/03/23 17:37:45	0	0	  	開始		
2017/03/23 17:38:06	0	0	ERR			TARGETGA--setyyyymmList プロパティの値を取得できません。 プロパティの配列のインデックスが無効です。<>
2017/03/23 17:38:25	0	0	  	開始		
2017/03/23 17:40:01	0	0	  	開始		
2017/03/23 17:43:28	0	0	  	開始		
2017/03/23 17:49:03	0	0	  	開始		
2017/03/23 17:51:21	0	0	  	開始		
2017/03/23 18:42:39	0	0	  	開始		
2017/03/23 19:07:30	0	0	  	開始		
2017/03/23 19:16:30	0	0	  	開始		
2017/03/23 19:20:04	0	0	  	開始		
2017/03/23 19:22:23	0	0	  	開始		
2017/03/23 19:24:10	0	0	  	開始		
2017/03/23 19:25:48	0	0	  	開始		
2017/03/23 19:26:56	0	0	  	開始		
2017/03/23 19:30:02	0	0	  	開始		
2017/03/23 19:40:40	0	0	  	開始		
2017/03/23 19:44:01	0	0	  	開始		
2017/03/23 19:45:51	0	0	  	開始		
2017/03/23 19:46:43	0	0	ERR			zTool--zFileCopy(ファイルが見つかりません。)<.\org\TargetG.xlsx .\temp\TargetG.xlsx>
2017/03/23 19:46:43	0	0	ERR	TARGETG	TARGETG	エラー発生
2017/03/23 20:00:19	0	0	  	開始		
2017/03/23 20:00:39	0	0	ERR			zTool--zFileCopy(ファイルが見つかりません。)<.\org\TargetG.xlsx .\temp\TargetG.xlsx>
